<?xml version="1.0" encoding="UTF-8"?>
<testsuite xmlns:xsi="http://www.w3.org/2001/XMLSchema-instance" xsi:noNamespaceSchemaLocation="https://maven.apache.org/surefire/maven-surefire-plugin/xsd/surefire-test-report.xsd" version="3.0.2" name="calculator.TestTimes" time="0.036" tests="6" errors="0" skipped="0" failures="0">
  <properties>
[...]
</properties>
  <testcase name="testNull" classname="calculator.TestTimes" time="0.014"/>
  <testcase name="testConstructor1" classname="calculator.TestTimes" time="0.002"/>
  <testcase name="testConstructor2" classname="calculator.TestTimes" time="0.002"/>
  <testcase name="testHashCode" classname="calculator.TestTimes" time="0.002"/>
  <testcase name="testNullParamList" classname="calculator.TestTimes" time="0.0"/>
  <testcase name="testEquals" classname="calculator.TestTimes" time="0.001"/>
</testsuite>